
=== Sun Jun 21 18:31:37 2020

Packages were changed.
Update Mode: mergeDefaultDependencies

The following packages were added:
  com.unity.package-manager-ui@2.2.0
  com.unity.ext.nunit@1.0.0
  com.unity.test-framework@1.0.13
  com.unity.ide.vscode@1.1.0
  com.unity.ide.rider@1.1.0
  com.unity.ugui@1.0.0
  com.unity.modules.androidjni@1.0.0
The following packages were updated:
  com.unity.collab-proxy from version 1.2.9 to 1.2.16
  com.unity.textmeshpro from version 2.0.0 to 2.0.1
  com.unity.timeline from version 0.0.0-builtin to 1.1.0

=== Fri Jan 29 14:43:46 2021

Packages were changed.
Update Mode: updateDependencies

The following packages were added:
  com.unity.ide.visualstudio@2.0.5
The following packages were updated:
  com.unity.collab-proxy from version 1.2.16 to 1.3.9
  com.unity.ext.nunit from version 1.0.0 to 1.0.6
  com.unity.ide.rider from version 1.1.0 to 2.0.7
  com.unity.ide.vscode from version 1.1.0 to 1.2.3
  com.unity.test-framework from version 1.0.13 to 1.1.20
  com.unity.textmeshpro from version 2.0.1 to 3.0.1
  com.unity.timeline from version 1.1.0 to 1.2.6
The following packages were removed:
  com.unity.package-manager-ui@2.2.0

=== Sun Jan 15 15:29:56 2023

Packages were changed.
Update Mode: updateDependencies

The following packages were updated:
  com.unity.2d.animation from version 5.0.3 to 8.0.2
  com.unity.2d.psdimporter from version 4.0.2 to 7.0.1
  com.unity.collab-proxy from version 1.3.9 to 1.17.0
  com.unity.ide.rider from version 2.0.7 to 3.0.15
  com.unity.ide.visualstudio from version 2.0.7 to 2.0.16
  com.unity.ide.vscode from version 1.2.3 to 1.2.5
  com.unity.render-pipelines.universal from version 10.2.2 to 13.1.8
  com.unity.test-framework from version 1.1.20 to 1.1.31
  com.unity.textmeshpro from version 3.0.1 to 3.0.6
  com.unity.timeline from version 1.2.6 to 1.7.1

=== Sun Jun 18 16:37:26 2023

Packages were changed.
Update Mode: updateDependencies

The following packages were added:
  com.unity.ai.navigation@1.1.1
The following packages were updated:
  com.unity.2d.animation from version 8.0.2 to 9.0.1
  com.unity.2d.psdimporter from version 7.0.1 to 8.0.1
  com.unity.collab-proxy from version 1.17.0 to 1.17.6
  com.unity.ide.rider from version 3.0.15 to 3.0.16
  com.unity.render-pipelines.universal from version 13.1.8 to 14.0.3
  com.unity.test-framework from version 1.1.31 to 1.1.33
  com.unity.timeline from version 1.7.1 to 1.7.2

=== Sat Nov  4 14:13:30 2023

Packages were changed.
Update Mode: updateDependencies

The following packages were updated:
  com.unity.2d.animation from version 9.0.1 to 10.0.3
  com.unity.2d.psdimporter from version 8.0.1 to 9.0.1
  com.unity.ai.navigation from version 1.1.1 to 1.1.5
  com.unity.collab-proxy from version 1.17.6 to 2.2.0
  com.unity.ext.nunit from version 1.0.6 to 2.0.3
  com.unity.ide.rider from version 3.0.16 to 3.0.25
  com.unity.ide.visualstudio from version 2.0.16 to 2.0.21
  com.unity.render-pipelines.universal from version 14.0.3 to 15.0.7
  com.unity.test-framework from version 1.1.33 to 1.3.9
  com.unity.timeline from version 1.7.2 to 1.8.2

=== Mon Nov 24 22:51:09 2025

Packages were changed.
Update Mode: updateDependencies

The following packages were added:
  com.unity.modules.accessibility@1.0.0
  com.unity.multiplayer.center@1.0.0
The following packages were updated:
  com.unity.2d.animation from version 10.0.3 to 12.0.2
  com.unity.2d.psdimporter from version 9.0.1 to 11.0.1
  com.unity.ai.navigation from version 1.1.5 to 2.0.9
  com.unity.collab-proxy from version 2.2.0 to 2.10.2
  com.unity.ext.nunit from version 2.0.3 to 2.0.5
  com.unity.ide.rider from version 3.0.25 to 3.0.38
  com.unity.ide.visualstudio from version 2.0.21 to 2.0.25
  com.unity.render-pipelines.universal from version 15.0.7 to 17.2.0
  com.unity.test-framework from version 1.3.9 to 1.6.0
  com.unity.timeline from version 1.8.2 to 1.8.9
  com.unity.ugui from version 1.0.0 to 2.0.0
The following packages were removed:
  com.unity.textmeshpro@3.0.8
